<?xml version="1.0" encoding="UTF-8"?>
<coverage generated="1628121273450" clover="3.2.0">
  <project timestamp="1628121273450" name="All files">
    <metrics statements="17" coveredstatements="17" conditionals="6" coveredconditionals="6" methods="8" coveredmethods="8" elements="31" coveredelements="31" complexity="0" loc="17" ncloc="17" packages="1" files="5" classes="5"/>
    <file name="Counter.vue" path="/home/diana/Documents/testing vue/basic_vue_test_utils-master/src/Counter.vue">
      <metrics statements="8" coveredstatements="8" conditionals="6" coveredconditionals="6" methods="3" coveredmethods="3"/>
      <line num="19" count="5" type="stmt"/>
      <line num="26" count="3" type="cond" truecount="2" falsecount="0"/>
      <line num="27" count="1" type="stmt"/>
      <line num="29" count="2" type="stmt"/>
      <line num="33" count="3" type="cond" truecount="2" falsecount="0"/>
      <line num="34" count="1" type="stmt"/>
      <line num="35" count="2" type="cond" truecount="2" falsecount="0"/>
      <line num="36" count="1" type="stmt"/>
    </file>
    <file name="EmailValidation.vue" path="/home/diana/Documents/testing vue/basic_vue_test_utils-master/src/EmailValidation.vue">
      <metrics statements="4" coveredstatements="4" conditionals="0" coveredconditionals="0" methods="2" coveredmethods="2"/>
      <line num="17" count="5" type="stmt"/>
      <line num="24" count="5" type="stmt"/>
      <line num="25" count="5" type="stmt"/>
      <line num="26" count="5" type="stmt"/>
    </file>
    <file name="Greeting.vue" path="/home/diana/Documents/testing vue/basic_vue_test_utils-master/src/Greeting.vue">
      <metrics statements="1" coveredstatements="1" conditionals="0" coveredconditionals="0" methods="1" coveredmethods="1"/>
      <line num="17" count="2" type="stmt"/>
    </file>
    <file name="Mount.vue" path="/home/diana/Documents/testing vue/basic_vue_test_utils-master/src/Mount.vue">
      <metrics statements="1" coveredstatements="1" conditionals="0" coveredconditionals="0" methods="0" coveredmethods="0"/>
      <line num="10" count="1" type="stmt"/>
    </file>
    <file name="RandomGenerator.vue" path="/home/diana/Documents/testing vue/basic_vue_test_utils-master/src/RandomGenerator.vue">
      <metrics statements="3" coveredstatements="3" conditionals="0" coveredconditionals="0" methods="2" coveredmethods="2"/>
      <line num="17" count="2" type="stmt"/>
      <line num="23" count="2" type="stmt"/>
      <line num="24" count="2" type="stmt"/>
    </file>
  </project>
</coverage>
